<?xml version="1.0" encoding="UTF-8"?>
<!-- Generated by org.testng.reporters.JUnitReportReporter -->
<testsuite hostname="Edisons-Air" failures="0" tests="4" name="DragAndDrop" time="34.443" errors="0" timestamp="2022-09-28T16:20:21 NZDT" skipped="0">
  <testcase classname="DragAndDrop" name="dragAndDrop" time="8.973"/>
  <system-out/>
  <testcase classname="DragAndDrop" name="dragAndDrop" time="8.207"/>
  <system-out/>
  <testcase classname="DragAndDrop" name="dragAndDrop" time="9.303"/>
  <system-out/>
  <testcase classname="DragAndDrop" name="dragAndDrop" time="7.960"/>
  <system-out/>
</testsuite> <!-- DragAndDrop -->
