<?xml version="1.0" encoding="UTF-8"?>
<!-- Generated by org.testng.reporters.JUnitReportReporter -->
<testsuite hostname="Edisons-Air" failures="0" tests="8" name="Forms" time="12.361" errors="0" timestamp="2022-09-26T20:34:19 NZDT" skipped="0">
  <testcase classname="Forms" name="filloutForm" time="0.771"/>
  <system-out/>
  <testcase classname="Forms" name="clickSwitch" time="1.685"/>
  <system-out/>
  <testcase classname="Forms" name="filloutForm" time="1.352"/>
  <system-out/>
  <testcase classname="Forms" name="clickSwitch" time="2.142"/>
  <system-out/>
  <testcase classname="Forms" name="clickSwitch" time="2.025"/>
  <system-out/>
  <testcase classname="Forms" name="filloutForm" time="1.581"/>
  <system-out/>
  <testcase classname="Forms" name="filloutForm" time="1.278"/>
  <system-out/>
  <testcase classname="Forms" name="clickSwitch" time="1.527"/>
  <system-out/>
</testsuite> <!-- Forms -->
