<?xml version="1.0" encoding="UTF-8"?>
<!-- Generated by org.testng.reporters.JUnitReportReporter -->
<testsuite hostname="Edisons-Air" failures="0" tests="1" name="Login" time="3.075" errors="0" timestamp="2022-09-26T10:13:00 NZDT" skipped="0">
  <testcase classname="Login" name="clicklogin" time="3.075"/>
  <system-out/>
</testsuite> <!-- Login -->
