<?xml version="1.0" encoding="UTF-8"?>
<!-- Generated by org.testng.reporters.JUnitReportReporter -->
<testsuite hostname="Edisons-Air" failures="0" tests="4" name="Login" time="14.381" errors="0" timestamp="2022-09-26T20:34:19 NZDT" skipped="0">
  <testcase classname="Login" name="clicklogin" time="3.914"/>
  <system-out/>
  <testcase classname="Login" name="clicklogin" time="3.171"/>
  <system-out/>
  <testcase classname="Login" name="clicklogin" time="3.527"/>
  <system-out/>
  <testcase classname="Login" name="clicklogin" time="3.769"/>
  <system-out/>
</testsuite> <!-- Login -->
