<?xml version="1.0" encoding="UTF-8"?>
<!-- Generated by org.testng.reporters.JUnitReportReporter -->
<testsuite hostname="Edisons-Air" failures="0" tests="2" name="Forms" time="2.734" errors="0" timestamp="2022-09-26T10:13:00 NZDT" skipped="0">
  <testcase classname="Forms" name="filloutForm" time="1.246"/>
  <system-out/>
  <testcase classname="Forms" name="clickSwitch" time="1.488"/>
  <system-out/>
</testsuite> <!-- Forms -->
