<?xml version="1.0" encoding="UTF-8"?>
<!-- Generated by org.testng.reporters.JUnitReportReporter -->
<testsuite hostname="Edisons-Air" failures="0" tests="4" name="Login" time="13.282" errors="0" timestamp="2022-09-28T16:20:21 NZDT" skipped="0">
  <testcase classname="Login" name="clicklogin" time="3.523"/>
  <system-out/>
  <testcase classname="Login" name="clicklogin" time="3.287"/>
  <system-out/>
  <testcase classname="Login" name="clicklogin" time="3.063"/>
  <system-out/>
  <testcase classname="Login" name="clicklogin" time="3.409"/>
  <system-out/>
</testsuite> <!-- Login -->
