<?xml version="1.0" encoding="UTF-8"?>
<!-- Generated by org.testng.reporters.JUnitReportReporter -->
<testsuite hostname="Edisons-Air" failures="0" tests="1" name="Forms" time="2.105" errors="0" timestamp="2022-09-25T13:27:58 NZDT" skipped="0">
  <testcase classname="Forms" name="clicklogin" time="2.105"/>
  <system-out/>
</testsuite> <!-- Forms -->
