<?xml version="1.0" encoding="UTF-8"?>
<!-- Generated by org.testng.reporters.JUnitReportReporter -->
<testsuite hostname="Edisons-Air" failures="0" tests="8" name="Forms" time="12.477" errors="0" timestamp="2022-09-28T16:20:21 NZDT" skipped="0">
  <testcase classname="Forms" name="filloutForm" time="1.256"/>
  <system-out/>
  <testcase classname="Forms" name="filloutForm" time="1.269"/>
  <system-out/>
  <testcase classname="Forms" name="clickSwitch" time="2.044"/>
  <system-out/>
  <testcase classname="Forms" name="clickSwitch" time="2.106"/>
  <system-out/>
  <testcase classname="Forms" name="clickSwitch" time="1.492"/>
  <system-out/>
  <testcase classname="Forms" name="filloutForm" time="1.374"/>
  <system-out/>
  <testcase classname="Forms" name="clickSwitch" time="1.512"/>
  <system-out/>
  <testcase classname="Forms" name="filloutForm" time="1.424"/>
  <system-out/>
</testsuite> <!-- Forms -->
